<?xml version='1.0' encoding='UTF-8'?>
<testsuite tests="4" name="models.AbsenceTest" hostname="Magnus-Larssons-iMac.local" failures="0" time="0.093" errors="0">
                     <properties>
[...]
</properties>
                     <testcase name="'2012-01-01T20:00:00Z' is equal to '2012-01-01T20:00:00Z'" time="0.0" classname="models.AbsenceTest">
                                                 
                                               </testcase><testcase name="'Absence(1234,432,Parental leave,1336465280108,1337070080108)' is equal to 'Absence(1234,432,Parental leave,1336465280108,1337070080108)'" time="0.0" classname="models.AbsenceTest">
                                                 
                                               </testcase><testcase name="'-1' is equal to '-1'" time="0.0" classname="models.AbsenceTest">
                                                 
                                               </testcase><testcase name="'None' is equal to 'None'" time="0.0" classname="models.AbsenceTest">
                                                 
                                               </testcase>
                     <system-out></system-out>
                     <system-err></system-err>
                   </testsuite>